<?xml version="1.0" encoding="UTF-8"?>
<!-- Generated by org.testng.reporters.JUnitReportReporter -->
<testsuite hostname="XAV-602000100" failures="0" tests="1" name="testCases.TC_002_LoginTest" time="3.068" errors="0" timestamp="2024-06-06T15:40:11 IST" skipped="0">
  <testcase classname="testCases.TC_002_LoginTest" name="verify_login" time="3.068"/>
</testsuite> <!-- testCases.TC_002_LoginTest -->
