<?xml version="1.0" encoding="UTF-8"?>
<!-- Generated by org.testng.reporters.JUnitReportReporter -->
<testsuite hostname="XAV-602000100" failures="0" tests="5" name="testCases.TC_003_LoginDDT" time="41.771" errors="0" timestamp="2024-04-01T22:26:25 IST" skipped="0">
  <testcase classname="testCases.TC_003_LoginDDT" name="verify_loginDDT" time="3.273"/>
  <testcase classname="testCases.TC_003_LoginDDT" name="verify_loginDDT" time="11.919"/>
  <testcase classname="testCases.TC_003_LoginDDT" name="verify_loginDDT" time="11.880"/>
  <testcase classname="testCases.TC_003_LoginDDT" name="verify_loginDDT" time="11.893"/>
  <testcase classname="testCases.TC_003_LoginDDT" name="verify_loginDDT" time="2.806"/>
</testsuite> <!-- testCases.TC_003_LoginDDT -->
