<?xml version="1.0" encoding="UTF-8"?>
<!-- Generated by org.testng.reporters.JUnitReportReporter -->
<testsuite hostname="XAV-602000100" failures="0" tests="1" name="testCases.TC_004_SearchProductTest" time="1.652" errors="0" timestamp="2024-06-06T15:43:43 IST" skipped="0">
  <testcase classname="testCases.TC_004_SearchProductTest" name="verify_pruductSearch" time="1.652"/>
</testsuite> <!-- testCases.TC_004_SearchProductTest -->
