<?xml version="1.0" encoding="UTF-8"?>
<!-- Generated by org.testng.reporters.JUnitReportReporter -->
<testsuite hostname="XAV-602000100" failures="0" tests="1" name="testCases.TC_001_AccountRegistrationTest" time="6.083" errors="0" timestamp="2024-06-06T15:40:11 IST" skipped="0">
  <testcase classname="testCases.TC_001_AccountRegistrationTest" name="verify_account_registration" time="6.083"/>
</testsuite> <!-- testCases.TC_001_AccountRegistrationTest -->
