<?xml version="1.0" encoding="UTF-8"?>
<!-- Generated by org.testng.reporters.JUnitReportReporter -->
<testsuite hostname="XAV-602000100" failures="0" tests="1" name="testCases.TC_006_EndToEndTest" time="46.438" errors="0" timestamp="2024-06-06T19:40:11 IST" skipped="0">
  <testcase classname="testCases.TC_006_EndToEndTest" name="endToendTest" time="46.438"/>
</testsuite> <!-- testCases.TC_006_EndToEndTest -->
